<?xml version="1.0"?>
<!DOCTYPE coverage SYSTEM "http://cobertura.sourceforge.net/xml/coverage-04.dtd">

<coverage line-rate="0.3588571428571429" branch-rate="0.22250639386189258" lines-covered="314" lines-valid="875" branches-covered="87" branches-valid="391" complexity="2.281853281853282" version="1.9.4.1" timestamp="1405335639870">
	<sources>
		<source>/home/joel/workspace3/ie-mapping/ie-common-mapping/src/main/java</source>
		<source>--source</source>
	</sources>
	<packages>
		<package name="com.mapforce" line-rate="0.3588571428571429" branch-rate="0.22250639386189258" complexity="2.281853281853282">
			<classes>
				<class name="com.mapforce.ApiMessageAcknowledgementMapTolocalAppResult" filename="com/mapforce/ApiMessageAcknowledgementMapTolocalAppResult.java" line-rate="0.6" branch-rate="0.5" complexity="2.075">
					<methods>
						<method name="&lt;init&gt;" signature="()V" line-rate="1.0" branch-rate="1.0">
							<lines>
								<line number="18" hits="1" branch="false"/>
								<line number="20" hits="1" branch="false"/>
								<line number="216" hits="1" branch="false"/>
							</lines>
						</method>
						<method name="getCloseObjectsAfterRun" signature="()Z" line-rate="0.0" branch-rate="1.0">
							<lines>
								<line number="22" hits="0" branch="false"/>
							</lines>
						</method>
						<method name="run" signature="(Lcom/altova/io/Input;Lcom/altova/io/Output;)V" line-rate="1.0" branch-rate="0.5">
							<lines>
								<line number="317" hits="1" branch="false"/>
								<line number="318" hits="1" branch="false"/>
								<line number="319" hits="1" branch="true" condition-coverage="50% (1/2)">
									<conditions>
										<condition number="0" type="jump" coverage="50%"/>
									</conditions>
								</line>
								<line number="320" hits="1" branch="false"/>
								<line number="323" hits="1" branch="true" condition-coverage="50% (1/2)">
									<conditions>
										<condition number="0" type="jump" coverage="50%"/>
									</conditions>
								</line>
								<line number="327" hits="1" branch="false"/>
								<line number="329" hits="1" branch="false"/>
								<line number="331" hits="1" branch="false"/>
								<line number="334" hits="1" branch="true" condition-coverage="50% (1/2)">
									<conditions>
										<condition number="0" type="jump" coverage="50%"/>
									</conditions>
								</line>
								<line number="336" hits="1" branch="false"/>
								<line number="337" hits="1" branch="false"/>
								<line number="339" hits="1" branch="false"/>
							</lines>
						</method>
						<method name="run" signature="(Ljava/lang/String;Ljava/lang/String;)V" line-rate="0.0" branch-rate="1.0">
							<lines>
								<line number="297" hits="0" branch="false"/>
								<line number="298" hits="0" branch="false"/>
								<line number="300" hits="0" branch="false"/>
								<line number="303" hits="0" branch="false"/>
								<line number="306" hits="0" branch="false"/>
								<line number="308" hits="0" branch="false"/>
								<line number="309" hits="0" branch="false"/>
								<line number="310" hits="0" branch="false"/>
							</lines>
						</method>
						<method name="setCloseObjectsAfterRun" signature="(Z)V" line-rate="0.0" branch-rate="1.0">
							<lines>
								<line number="21" hits="0" branch="false"/>
							</lines>
						</method>
					</methods>
					<lines>
						<line number="18" hits="1" branch="false"/>
						<line number="20" hits="1" branch="false"/>
						<line number="21" hits="0" branch="false"/>
						<line number="22" hits="0" branch="false"/>
						<line number="216" hits="1" branch="false"/>
						<line number="297" hits="0" branch="false"/>
						<line number="298" hits="0" branch="false"/>
						<line number="300" hits="0" branch="false"/>
						<line number="303" hits="0" branch="false"/>
						<line number="306" hits="0" branch="false"/>
						<line number="308" hits="0" branch="false"/>
						<line number="309" hits="0" branch="false"/>
						<line number="310" hits="0" branch="false"/>
						<line number="317" hits="1" branch="false"/>
						<line number="318" hits="1" branch="false"/>
						<line number="319" hits="1" branch="true" condition-coverage="50% (1/2)">
							<conditions>
								<condition number="0" type="jump" coverage="50%"/>
							</conditions>
						</line>
						<line number="320" hits="1" branch="false"/>
						<line number="323" hits="1" branch="true" condition-coverage="50% (1/2)">
							<conditions>
								<condition number="0" type="jump" coverage="50%"/>
							</conditions>
						</line>
						<line number="327" hits="1" branch="false"/>
						<line number="329" hits="1" branch="false"/>
						<line number="331" hits="1" branch="false"/>
						<line number="334" hits="1" branch="true" condition-coverage="50% (1/2)">
							<conditions>
								<condition number="0" type="jump" coverage="50%"/>
							</conditions>
						</line>
						<line number="336" hits="1" branch="false"/>
						<line number="337" hits="1" branch="false"/>
						<line number="339" hits="1" branch="false"/>
					</lines>
				</class>
				<class name="com.mapforce.ApiMessageAcknowledgementMapTolocalAppResult$Outer" filename="com/mapforce/ApiMessageAcknowledgementMapTolocalAppResult.java" line-rate="0.0" branch-rate="1.0" complexity="2.075">
					<methods>
						<method name="&lt;init&gt;" signature="(Lcom/altova/mapforce/IMFNode;)V" line-rate="0.0" branch-rate="1.0">
							<lines>
								<line number="221" hits="0" branch="false"/>
								<line number="222" hits="0" branch="false"/>
								<line number="223" hits="0" branch="false"/>
							</lines>
						</method>
						<method name="enumerator" signature="()Lcom/altova/mapforce/IEnumerator;" line-rate="0.0" branch-rate="1.0">
							<lines>
								<line number="225" hits="0" branch="false"/>
							</lines>
						</method>
					</methods>
					<lines>
						<line number="221" hits="0" branch="false"/>
						<line number="222" hits="0" branch="false"/>
						<line number="223" hits="0" branch="false"/>
						<line number="225" hits="0" branch="false"/>
					</lines>
				</class>
				<class name="com.mapforce.ApiMessageAcknowledgementMapTolocalAppResult$Outer$Enumerator" filename="com/mapforce/ApiMessageAcknowledgementMapTolocalAppResult.java" line-rate="0.0" branch-rate="0.0" complexity="2.075">
					<methods>
						<method name="&lt;init&gt;" signature="(Lcom/mapforce/ApiMessageAcknowledgementMapTolocalAppResult$Outer;)V" line-rate="0.0" branch-rate="1.0">
							<lines>
								<line number="229" hits="0" branch="false"/>
								<line number="230" hits="0" branch="false"/>
								<line number="235" hits="0" branch="false"/>
								<line number="236" hits="0" branch="false"/>
								<line number="237" hits="0" branch="false"/>
							</lines>
						</method>
						<method name="close" signature="()V" line-rate="0.0" branch-rate="1.0">
							<lines>
								<line number="280" hits="0" branch="false"/>
								<line number="282" hits="0" branch="false"/>
								<line number="284" hits="0" branch="false"/>
								<line number="285" hits="0" branch="false"/>
							</lines>
						</method>
						<method name="current" signature="()Ljava/lang/Object;" line-rate="0.0" branch-rate="1.0">
							<lines>
								<line number="239" hits="0" branch="false"/>
							</lines>
						</method>
						<method name="moveNext" signature="()Z" line-rate="0.0" branch-rate="0.0">
							<lines>
								<line number="245" hits="0" branch="true" condition-coverage="0% (0/2)">
									<conditions>
										<condition number="0" type="jump" coverage="0%"/>
									</conditions>
								</line>
								<line number="247" hits="0" branch="true" condition-coverage="0% (0/4)">
									<conditions>
										<condition number="0" type="switch" coverage="0%"/>
									</conditions>
								</line>
								<line number="249" hits="0" branch="true" condition-coverage="0% (0/2)">
									<conditions>
										<condition number="0" type="jump" coverage="0%"/>
									</conditions>
								</line>
								<line number="250" hits="0" branch="true" condition-coverage="0% (0/2)">
									<conditions>
										<condition number="0" type="jump" coverage="0%"/>
									</conditions>
								</line>
								<line number="251" hits="0" branch="true" condition-coverage="0% (0/2)">
									<conditions>
										<condition number="0" type="jump" coverage="0%"/>
									</conditions>
								</line>
								<line number="254" hits="0" branch="false"/>
							</lines>
						</method>
						<method name="moveNext_1" signature="()Z" line-rate="0.0" branch-rate="1.0">
							<lines>
								<line number="258" hits="0" branch="false"/>
								<line number="259" hits="0" branch="false"/>
								<line number="260" hits="0" branch="false"/>
							</lines>
						</method>
						<method name="moveNext_2" signature="()Z" line-rate="0.0" branch-rate="0.0">
							<lines>
								<line number="263" hits="0" branch="false"/>
								<line number="264" hits="0" branch="true" condition-coverage="0% (0/2)">
									<conditions>
										<condition number="0" type="jump" coverage="0%"/>
									</conditions>
								</line>
								<line number="265" hits="0" branch="false"/>
								<line number="266" hits="0" branch="false"/>
								<line number="267" hits="0" branch="false"/>
							</lines>
						</method>
						<method name="moveNext_3" signature="()Z" line-rate="0.0" branch-rate="1.0">
							<lines>
								<line number="270" hits="0" branch="false"/>
								<line number="271" hits="0" branch="false"/>
								<line number="272" hits="0" branch="false"/>
							</lines>
						</method>
						<method name="position" signature="()I" line-rate="0.0" branch-rate="1.0">
							<lines>
								<line number="241" hits="0" branch="false"/>
							</lines>
						</method>
					</methods>
					<lines>
						<line number="229" hits="0" branch="false"/>
						<line number="230" hits="0" branch="false"/>
						<line number="235" hits="0" branch="false"/>
						<line number="236" hits="0" branch="false"/>
						<line number="237" hits="0" branch="false"/>
						<line number="239" hits="0" branch="false"/>
						<line number="241" hits="0" branch="false"/>
						<line number="245" hits="0" branch="true" condition-coverage="0% (0/2)">
							<conditions>
								<condition number="0" type="jump" coverage="0%"/>
							</conditions>
						</line>
						<line number="247" hits="0" branch="true" condition-coverage="0% (0/4)">
							<conditions>
								<condition number="0" type="switch" coverage="0%"/>
							</conditions>
						</line>
						<line number="249" hits="0" branch="true" condition-coverage="0% (0/2)">
							<conditions>
								<condition number="0" type="jump" coverage="0%"/>
							</conditions>
						</line>
						<line number="250" hits="0" branch="true" condition-coverage="0% (0/2)">
							<conditions>
								<condition number="0" type="jump" coverage="0%"/>
							</conditions>
						</line>
						<line number="251" hits="0" branch="true" condition-coverage="0% (0/2)">
							<conditions>
								<condition number="0" type="jump" coverage="0%"/>
							</conditions>
						</line>
						<line number="254" hits="0" branch="false"/>
						<line number="258" hits="0" branch="false"/>
						<line number="259" hits="0" branch="false"/>
						<line number="260" hits="0" branch="false"/>
						<line number="263" hits="0" branch="false"/>
						<line number="264" hits="0" branch="true" condition-coverage="0% (0/2)">
							<conditions>
								<condition number="0" type="jump" coverage="0%"/>
							</conditions>
						</line>
						<line number="265" hits="0" branch="false"/>
						<line number="266" hits="0" branch="false"/>
						<line number="267" hits="0" branch="false"/>
						<line number="270" hits="0" branch="false"/>
						<line number="271" hits="0" branch="false"/>
						<line number="272" hits="0" branch="false"/>
						<line number="280" hits="0" branch="false"/>
						<line number="282" hits="0" branch="false"/>
						<line number="284" hits="0" branch="false"/>
						<line number="285" hits="0" branch="false"/>
					</lines>
				</class>
				<class name="com.mapforce.ApiMessageAcknowledgementMapTolocalAppResult$main" filename="com/mapforce/ApiMessageAcknowledgementMapTolocalAppResult.java" line-rate="1.0" branch-rate="1.0" complexity="2.075">
					<methods>
						<method name="&lt;init&gt;" signature="(Lcom/altova/mapforce/IMFNode;)V" line-rate="1.0" branch-rate="1.0">
							<lines>
								<line number="30" hits="1" branch="false"/>
								<line number="31" hits="1" branch="false"/>
								<line number="32" hits="1" branch="false"/>
							</lines>
						</method>
						<method name="enumerator" signature="()Lcom/altova/mapforce/IEnumerator;" line-rate="1.0" branch-rate="1.0">
							<lines>
								<line number="34" hits="1" branch="false"/>
							</lines>
						</method>
					</methods>
					<lines>
						<line number="30" hits="1" branch="false"/>
						<line number="31" hits="1" branch="false"/>
						<line number="32" hits="1" branch="false"/>
						<line number="34" hits="1" branch="false"/>
					</lines>
				</class>
				<class name="com.mapforce.ApiMessageAcknowledgementMapTolocalAppResult$main$Enumerator" filename="com/mapforce/ApiMessageAcknowledgementMapTolocalAppResult.java" line-rate="0.8333333333333334" branch-rate="0.6666666666666666" complexity="2.075">
					<methods>
						<method name="&lt;init&gt;" signature="(Lcom/mapforce/ApiMessageAcknowledgementMapTolocalAppResult$main;)V" line-rate="1.0" branch-rate="1.0">
							<lines>
								<line number="38" hits="1" branch="false"/>
								<line number="39" hits="1" branch="false"/>
								<line number="44" hits="1" branch="false"/>
								<line number="45" hits="1" branch="false"/>
								<line number="46" hits="1" branch="false"/>
							</lines>
						</method>
						<method name="close" signature="()V" line-rate="0.0" branch-rate="1.0">
							<lines>
								<line number="80" hits="0" branch="false"/>
								<line number="81" hits="0" branch="false"/>
							</lines>
						</method>
						<method name="current" signature="()Ljava/lang/Object;" line-rate="1.0" branch-rate="1.0">
							<lines>
								<line number="48" hits="2" branch="false"/>
							</lines>
						</method>
						<method name="moveNext" signature="()Z" line-rate="1.0" branch-rate="0.6666666666666666">
							<lines>
								<line number="54" hits="2" branch="true" condition-coverage="100% (2/2)">
									<conditions>
										<condition number="0" type="jump" coverage="100%"/>
									</conditions>
								</line>
								<line number="56" hits="1" branch="true" condition-coverage="50% (1/2)">
									<conditions>
										<condition number="0" type="switch" coverage="50%"/>
									</conditions>
								</line>
								<line number="58" hits="1" branch="true" condition-coverage="50% (1/2)">
									<conditions>
										<condition number="0" type="jump" coverage="50%"/>
									</conditions>
								</line>
								<line number="61" hits="1" branch="false"/>
							</lines>
						</method>
						<method name="moveNext_2" signature="()Z" line-rate="1.0" branch-rate="1.0">
							<lines>
								<line number="65" hits="1" branch="false"/>
								<line number="66" hits="1" branch="false"/>
								<line number="67" hits="1" branch="false"/>
								<line number="68" hits="1" branch="false"/>
								<line number="69" hits="1" branch="false"/>
							</lines>
						</method>
						<method name="position" signature="()I" line-rate="0.0" branch-rate="1.0">
							<lines>
								<line number="50" hits="0" branch="false"/>
							</lines>
						</method>
					</methods>
					<lines>
						<line number="38" hits="1" branch="false"/>
						<line number="39" hits="1" branch="false"/>
						<line number="44" hits="1" branch="false"/>
						<line number="45" hits="1" branch="false"/>
						<line number="46" hits="1" branch="false"/>
						<line number="48" hits="2" branch="false"/>
						<line number="50" hits="0" branch="false"/>
						<line number="54" hits="2" branch="true" condition-coverage="100% (2/2)">
							<conditions>
								<condition number="0" type="jump" coverage="100%"/>
							</conditions>
						</line>
						<line number="56" hits="1" branch="true" condition-coverage="50% (1/2)">
							<conditions>
								<condition number="0" type="switch" coverage="50%"/>
							</conditions>
						</line>
						<line number="58" hits="1" branch="true" condition-coverage="50% (1/2)">
							<conditions>
								<condition number="0" type="jump" coverage="50%"/>
							</conditions>
						</line>
						<line number="61" hits="1" branch="false"/>
						<line number="65" hits="1" branch="false"/>
						<line number="66" hits="1" branch="false"/>
						<line number="67" hits="1" branch="false"/>
						<line number="68" hits="1" branch="false"/>
						<line number="69" hits="1" branch="false"/>
						<line number="80" hits="0" branch="false"/>
						<line number="81" hits="0" branch="false"/>
					</lines>
				</class>
				<class name="com.mapforce.ApiMessageAcknowledgementMapTolocalAppResult$seq1_join" filename="com/mapforce/ApiMessageAcknowledgementMapTolocalAppResult.java" line-rate="1.0" branch-rate="1.0" complexity="2.075">
					<methods>
						<method name="&lt;init&gt;" signature="(Lcom/altova/mapforce/IEnumerable;)V" line-rate="1.0" branch-rate="1.0">
							<lines>
								<line number="90" hits="1" branch="false"/>
								<line number="91" hits="1" branch="false"/>
								<line number="92" hits="1" branch="false"/>
							</lines>
						</method>
						<method name="enumerator" signature="()Lcom/altova/mapforce/IEnumerator;" line-rate="1.0" branch-rate="1.0">
							<lines>
								<line number="94" hits="1" branch="false"/>
							</lines>
						</method>
					</methods>
					<lines>
						<line number="90" hits="1" branch="false"/>
						<line number="91" hits="1" branch="false"/>
						<line number="92" hits="1" branch="false"/>
						<line number="94" hits="1" branch="false"/>
					</lines>
				</class>
				<class name="com.mapforce.ApiMessageAcknowledgementMapTolocalAppResult$seq1_join$Enumerator" filename="com/mapforce/ApiMessageAcknowledgementMapTolocalAppResult.java" line-rate="0.8695652173913043" branch-rate="0.6363636363636364" complexity="2.075">
					<methods>
						<method name="&lt;init&gt;" signature="(Lcom/mapforce/ApiMessageAcknowledgementMapTolocalAppResult$seq1_join;)V" line-rate="1.0" branch-rate="1.0">
							<lines>
								<line number="98" hits="1" branch="false"/>
								<line number="99" hits="1" branch="false"/>
								<line number="103" hits="1" branch="false"/>
								<line number="104" hits="1" branch="false"/>
								<line number="105" hits="1" branch="false"/>
							</lines>
						</method>
						<method name="close" signature="()V" line-rate="0.0" branch-rate="1.0">
							<lines>
								<line number="146" hits="0" branch="false"/>
								<line number="147" hits="0" branch="false"/>
							</lines>
						</method>
						<method name="current" signature="()Ljava/lang/Object;" line-rate="1.0" branch-rate="1.0">
							<lines>
								<line number="107" hits="8" branch="false"/>
							</lines>
						</method>
						<method name="moveNext" signature="()Z" line-rate="1.0" branch-rate="0.6666666666666666">
							<lines>
								<line number="113" hits="3" branch="true" condition-coverage="100% (2/2)">
									<conditions>
										<condition number="0" type="jump" coverage="100%"/>
									</conditions>
								</line>
								<line number="115" hits="2" branch="true" condition-coverage="66% (2/3)">
									<conditions>
										<condition number="0" type="switch" coverage="66%"/>
									</conditions>
								</line>
								<line number="117" hits="1" branch="true" condition-coverage="50% (1/2)">
									<conditions>
										<condition number="0" type="jump" coverage="50%"/>
									</conditions>
								</line>
								<line number="118" hits="1" branch="true" condition-coverage="50% (1/2)">
									<conditions>
										<condition number="0" type="jump" coverage="50%"/>
									</conditions>
								</line>
								<line number="121" hits="1" branch="false"/>
							</lines>
						</method>
						<method name="moveNext_1" signature="()Z" line-rate="1.0" branch-rate="1.0">
							<lines>
								<line number="125" hits="1" branch="false"/>
								<line number="126" hits="1" branch="false"/>
								<line number="127" hits="1" branch="false"/>
								<line number="128" hits="1" branch="false"/>
							</lines>
						</method>
						<method name="moveNext_2" signature="()Z" line-rate="1.0" branch-rate="0.5">
							<lines>
								<line number="131" hits="1" branch="false"/>
								<line number="132" hits="1" branch="true" condition-coverage="50% (1/2)">
									<conditions>
										<condition number="0" type="jump" coverage="50%"/>
									</conditions>
								</line>
								<line number="133" hits="1" branch="false"/>
								<line number="134" hits="1" branch="false"/>
								<line number="135" hits="1" branch="false"/>
							</lines>
						</method>
						<method name="position" signature="()I" line-rate="0.0" branch-rate="1.0">
							<lines>
								<line number="109" hits="0" branch="false"/>
							</lines>
						</method>
					</methods>
					<lines>
						<line number="98" hits="1" branch="false"/>
						<line number="99" hits="1" branch="false"/>
						<line number="103" hits="1" branch="false"/>
						<line number="104" hits="1" branch="false"/>
						<line number="105" hits="1" branch="false"/>
						<line number="107" hits="8" branch="false"/>
						<line number="109" hits="0" branch="false"/>
						<line number="113" hits="3" branch="true" condition-coverage="100% (2/2)">
							<conditions>
								<condition number="0" type="jump" coverage="100%"/>
							</conditions>
						</line>
						<line number="115" hits="2" branch="true" condition-coverage="66% (2/3)">
							<conditions>
								<condition number="0" type="switch" coverage="66%"/>
							</conditions>
						</line>
						<line number="117" hits="1" branch="true" condition-coverage="50% (1/2)">
							<conditions>
								<condition number="0" type="jump" coverage="50%"/>
							</conditions>
						</line>
						<line number="118" hits="1" branch="true" condition-coverage="50% (1/2)">
							<conditions>
								<condition number="0" type="jump" coverage="50%"/>
							</conditions>
						</line>
						<line number="121" hits="1" branch="false"/>
						<line number="125" hits="1" branch="false"/>
						<line number="126" hits="1" branch="false"/>
						<line number="127" hits="1" branch="false"/>
						<line number="128" hits="1" branch="false"/>
						<line number="131" hits="1" branch="false"/>
						<line number="132" hits="1" branch="true" condition-coverage="50% (1/2)">
							<conditions>
								<condition number="0" type="jump" coverage="50%"/>
							</conditions>
						</line>
						<line number="133" hits="1" branch="false"/>
						<line number="134" hits="1" branch="false"/>
						<line number="135" hits="1" branch="false"/>
						<line number="146" hits="0" branch="false"/>
						<line number="147" hits="0" branch="false"/>
					</lines>
				</class>
				<class name="com.mapforce.ApiMessageAcknowledgementMapTolocalAppResult$seq2_cond_cond_box" filename="com/mapforce/ApiMessageAcknowledgementMapTolocalAppResult.java" line-rate="1.0" branch-rate="1.0" complexity="2.075">
					<methods>
						<method name="&lt;init&gt;" signature="(Lcom/altova/mapforce/IEnumerable;)V" line-rate="1.0" branch-rate="1.0">
							<lines>
								<line number="156" hits="1" branch="false"/>
								<line number="157" hits="1" branch="false"/>
								<line number="158" hits="1" branch="false"/>
							</lines>
						</method>
						<method name="enumerator" signature="()Lcom/altova/mapforce/IEnumerator;" line-rate="1.0" branch-rate="1.0">
							<lines>
								<line number="160" hits="1" branch="false"/>
							</lines>
						</method>
					</methods>
					<lines>
						<line number="156" hits="1" branch="false"/>
						<line number="157" hits="1" branch="false"/>
						<line number="158" hits="1" branch="false"/>
						<line number="160" hits="1" branch="false"/>
					</lines>
				</class>
				<class name="com.mapforce.ApiMessageAcknowledgementMapTolocalAppResult$seq2_cond_cond_box$Enumerator" filename="com/mapforce/ApiMessageAcknowledgementMapTolocalAppResult.java" line-rate="0.8181818181818182" branch-rate="0.6923076923076923" complexity="2.075">
					<methods>
						<method name="&lt;init&gt;" signature="(Lcom/mapforce/ApiMessageAcknowledgementMapTolocalAppResult$seq2_cond_cond_box;)V" line-rate="1.0" branch-rate="1.0">
							<lines>
								<line number="164" hits="1" branch="false"/>
								<line number="165" hits="1" branch="false"/>
								<line number="169" hits="1" branch="false"/>
								<line number="170" hits="1" branch="false"/>
								<line number="171" hits="1" branch="false"/>
							</lines>
						</method>
						<method name="close" signature="()V" line-rate="0.0" branch-rate="1.0">
							<lines>
								<line number="211" hits="0" branch="false"/>
								<line number="212" hits="0" branch="false"/>
							</lines>
						</method>
						<method name="current" signature="()Ljava/lang/Object;" line-rate="1.0" branch-rate="1.0">
							<lines>
								<line number="173" hits="4" branch="false"/>
							</lines>
						</method>
						<method name="moveNext" signature="()Z" line-rate="1.0" branch-rate="0.7777777777777778">
							<lines>
								<line number="179" hits="3" branch="true" condition-coverage="100% (2/2)">
									<conditions>
										<condition number="0" type="jump" coverage="100%"/>
									</conditions>
								</line>
								<line number="181" hits="2" branch="true" condition-coverage="100% (3/3)">
									<conditions>
										<condition number="0" type="switch" coverage="100%"/>
									</conditions>
								</line>
								<line number="183" hits="1" branch="true" condition-coverage="50% (1/2)">
									<conditions>
										<condition number="0" type="jump" coverage="50%"/>
									</conditions>
								</line>
								<line number="184" hits="1" branch="true" condition-coverage="50% (1/2)">
									<conditions>
										<condition number="0" type="jump" coverage="50%"/>
									</conditions>
								</line>
								<line number="187" hits="1" branch="false"/>
							</lines>
						</method>
						<method name="moveNext_1" signature="()Z" line-rate="0.75" branch-rate="0.5">
							<lines>
								<line number="191" hits="1" branch="false"/>
								<line number="192" hits="1" branch="true" condition-coverage="50% (1/2)">
									<conditions>
										<condition number="0" type="jump" coverage="50%"/>
									</conditions>
								</line>
								<line number="193" hits="1" branch="true" condition-coverage="50% (1/2)">
									<conditions>
										<condition number="0" type="jump" coverage="50%"/>
									</conditions>
								</line>
								<line number="194" hits="0" branch="false"/>
							</lines>
						</method>
						<method name="moveNext_3" signature="()Z" line-rate="1.0" branch-rate="1.0">
							<lines>
								<line number="197" hits="1" branch="false"/>
								<line number="198" hits="1" branch="false"/>
								<line number="199" hits="1" branch="false"/>
								<line number="200" hits="1" branch="false"/>
							</lines>
						</method>
						<method name="position" signature="()I" line-rate="0.0" branch-rate="1.0">
							<lines>
								<line number="175" hits="0" branch="false"/>
							</lines>
						</method>
					</methods>
					<lines>
						<line number="164" hits="1" branch="false"/>
						<line number="165" hits="1" branch="false"/>
						<line number="169" hits="1" branch="false"/>
						<line number="170" hits="1" branch="false"/>
						<line number="171" hits="1" branch="false"/>
						<line number="173" hits="4" branch="false"/>
						<line number="175" hits="0" branch="false"/>
						<line number="179" hits="3" branch="true" condition-coverage="100% (2/2)">
							<conditions>
								<condition number="0" type="jump" coverage="100%"/>
							</conditions>
						</line>
						<line number="181" hits="2" branch="true" condition-coverage="100% (3/3)">
							<conditions>
								<condition number="0" type="switch" coverage="100%"/>
							</conditions>
						</line>
						<line number="183" hits="1" branch="true" condition-coverage="50% (1/2)">
							<conditions>
								<condition number="0" type="jump" coverage="50%"/>
							</conditions>
						</line>
						<line number="184" hits="1" branch="true" condition-coverage="50% (1/2)">
							<conditions>
								<condition number="0" type="jump" coverage="50%"/>
							</conditions>
						</line>
						<line number="187" hits="1" branch="false"/>
						<line number="191" hits="1" branch="false"/>
						<line number="192" hits="1" branch="true" condition-coverage="50% (1/2)">
							<conditions>
								<condition number="0" type="jump" coverage="50%"/>
							</conditions>
						</line>
						<line number="193" hits="1" branch="true" condition-coverage="50% (1/2)">
							<conditions>
								<condition number="0" type="jump" coverage="50%"/>
							</conditions>
						</line>
						<line number="194" hits="0" branch="false"/>
						<line number="197" hits="1" branch="false"/>
						<line number="198" hits="1" branch="false"/>
						<line number="199" hits="1" branch="false"/>
						<line number="200" hits="1" branch="false"/>
						<line number="211" hits="0" branch="false"/>
						<line number="212" hits="0" branch="false"/>
					</lines>
				</class>
				<class name="com.mapforce.IE509MapToCancellationResponse" filename="com/mapforce/IE509MapToCancellationResponse.java" line-rate="0.6" branch-rate="0.5" complexity="2.325301204819277">
					<methods>
						<method name="&lt;init&gt;" signature="()V" line-rate="1.0" branch-rate="1.0">
							<lines>
								<line number="18" hits="1" branch="false"/>
								<line number="20" hits="1" branch="false"/>
								<line number="534" hits="1" branch="false"/>
							</lines>
						</method>
						<method name="getCloseObjectsAfterRun" signature="()Z" line-rate="0.0" branch-rate="1.0">
							<lines>
								<line number="22" hits="0" branch="false"/>
							</lines>
						</method>
						<method name="run" signature="(Lcom/altova/io/Input;Lcom/altova/io/Output;)V" line-rate="1.0" branch-rate="0.5">
							<lines>
								<line number="635" hits="1" branch="false"/>
								<line number="636" hits="1" branch="false"/>
								<line number="637" hits="1" branch="true" condition-coverage="50% (1/2)">
									<conditions>
										<condition number="0" type="jump" coverage="50%"/>
									</conditions>
								</line>
								<line number="638" hits="1" branch="false"/>
								<line number="641" hits="1" branch="true" condition-coverage="50% (1/2)">
									<conditions>
										<condition number="0" type="jump" coverage="50%"/>
									</conditions>
								</line>
								<line number="645" hits="1" branch="false"/>
								<line number="647" hits="1" branch="false"/>
								<line number="649" hits="1" branch="false"/>
								<line number="652" hits="1" branch="true" condition-coverage="50% (1/2)">
									<conditions>
										<condition number="0" type="jump" coverage="50%"/>
									</conditions>
								</line>
								<line number="654" hits="1" branch="false"/>
								<line number="655" hits="1" branch="false"/>
								<line number="657" hits="1" branch="false"/>
							</lines>
						</method>
						<method name="run" signature="(Ljava/lang/String;Ljava/lang/String;)V" line-rate="0.0" branch-rate="1.0">
							<lines>
								<line number="615" hits="0" branch="false"/>
								<line number="616" hits="0" branch="false"/>
								<line number="618" hits="0" branch="false"/>
								<line number="621" hits="0" branch="false"/>
								<line number="624" hits="0" branch="false"/>
								<line number="626" hits="0" branch="false"/>
								<line number="627" hits="0" branch="false"/>
								<line number="628" hits="0" branch="false"/>
							</lines>
						</method>
						<method name="setCloseObjectsAfterRun" signature="(Z)V" line-rate="0.0" branch-rate="1.0">
							<lines>
								<line number="21" hits="0" branch="false"/>
							</lines>
						</method>
					</methods>
					<lines>
						<line number="18" hits="1" branch="false"/>
						<line number="20" hits="1" branch="false"/>
						<line number="21" hits="0" branch="false"/>
						<line number="22" hits="0" branch="false"/>
						<line number="534" hits="1" branch="false"/>
						<line number="615" hits="0" branch="false"/>
						<line number="616" hits="0" branch="false"/>
						<line number="618" hits="0" branch="false"/>
						<line number="621" hits="0" branch="false"/>
						<line number="624" hits="0" branch="false"/>
						<line number="626" hits="0" branch="false"/>
						<line number="627" hits="0" branch="false"/>
						<line number="628" hits="0" branch="false"/>
						<line number="635" hits="1" branch="false"/>
						<line number="636" hits="1" branch="false"/>
						<line number="637" hits="1" branch="true" condition-coverage="50% (1/2)">
							<conditions>
								<condition number="0" type="jump" coverage="50%"/>
							</conditions>
						</line>
						<line number="638" hits="1" branch="false"/>
						<line number="641" hits="1" branch="true" condition-coverage="50% (1/2)">
							<conditions>
								<condition number="0" type="jump" coverage="50%"/>
							</conditions>
						</line>
						<line number="645" hits="1" branch="false"/>
						<line number="647" hits="1" branch="false"/>
						<line number="649" hits="1" branch="false"/>
						<line number="652" hits="1" branch="true" condition-coverage="50% (1/2)">
							<conditions>
								<condition number="0" type="jump" coverage="50%"/>
							</conditions>
						</line>
						<line number="654" hits="1" branch="false"/>
						<line number="655" hits="1" branch="false"/>
						<line number="657" hits="1" branch="false"/>
					</lines>
				</class>
				<class name="com.mapforce.IE509MapToCancellationResponse$Outer" filename="com/mapforce/IE509MapToCancellationResponse.java" line-rate="0.0" branch-rate="1.0" complexity="2.325301204819277">
					<methods>
						<method name="&lt;init&gt;" signature="(Lcom/altova/mapforce/IMFNode;)V" line-rate="0.0" branch-rate="1.0">
							<lines>
								<line number="539" hits="0" branch="false"/>
								<line number="540" hits="0" branch="false"/>
								<line number="541" hits="0" branch="false"/>
							</lines>
						</method>
						<method name="enumerator" signature="()Lcom/altova/mapforce/IEnumerator;" line-rate="0.0" branch-rate="1.0">
							<lines>
								<line number="543" hits="0" branch="false"/>
							</lines>
						</method>
					</methods>
					<lines>
						<line number="539" hits="0" branch="false"/>
						<line number="540" hits="0" branch="false"/>
						<line number="541" hits="0" branch="false"/>
						<line number="543" hits="0" branch="false"/>
					</lines>
				</class>
				<class name="com.mapforce.IE509MapToCancellationResponse$Outer$Enumerator" filename="com/mapforce/IE509MapToCancellationResponse.java" line-rate="0.0" branch-rate="0.0" complexity="2.325301204819277">
					<methods>
						<method name="&lt;init&gt;" signature="(Lcom/mapforce/IE509MapToCancellationResponse$Outer;)V" line-rate="0.0" branch-rate="1.0">
							<lines>
								<line number="547" hits="0" branch="false"/>
								<line number="548" hits="0" branch="false"/>
								<line number="553" hits="0" branch="false"/>
								<line number="554" hits="0" branch="false"/>
								<line number="555" hits="0" branch="false"/>
							</lines>
						</method>
						<method name="close" signature="()V" line-rate="0.0" branch-rate="1.0">
							<lines>
								<line number="598" hits="0" branch="false"/>
								<line number="600" hits="0" branch="false"/>
								<line number="602" hits="0" branch="false"/>
								<line number="603" hits="0" branch="false"/>
							</lines>
						</method>
						<method name="current" signature="()Ljava/lang/Object;" line-rate="0.0" branch-rate="1.0">
							<lines>
								<line number="557" hits="0" branch="false"/>
							</lines>
						</method>
						<method name="moveNext" signature="()Z" line-rate="0.0" branch-rate="0.0">
							<lines>
								<line number="563" hits="0" branch="true" condition-coverage="0% (0/2)">
									<conditions>
										<condition number="0" type="jump" coverage="0%"/>
									</conditions>
								</line>
								<line number="565" hits="0" branch="true" condition-coverage="0% (0/4)">
									<conditions>
										<condition number="0" type="switch" coverage="0%"/>
									</conditions>
								</line>
								<line number="567" hits="0" branch="true" condition-coverage="0% (0/2)">
									<conditions>
										<condition number="0" type="jump" coverage="0%"/>
									</conditions>
								</line>
								<line number="568" hits="0" branch="true" condition-coverage="0% (0/2)">
									<conditions>
										<condition number="0" type="jump" coverage="0%"/>
									</conditions>
								</line>
								<line number="569" hits="0" branch="true" condition-coverage="0% (0/2)">
									<conditions>
										<condition number="0" type="jump" coverage="0%"/>
									</conditions>
								</line>
								<line number="572" hits="0" branch="false"/>
							</lines>
						</method>
						<method name="moveNext_1" signature="()Z" line-rate="0.0" branch-rate="1.0">
							<lines>
								<line number="576" hits="0" branch="false"/>
								<line number="577" hits="0" branch="false"/>
								<line number="578" hits="0" branch="false"/>
							</lines>
						</method>
						<method name="moveNext_2" signature="()Z" line-rate="0.0" branch-rate="0.0">
							<lines>
								<line number="581" hits="0" branch="false"/>
								<line number="582" hits="0" branch="true" condition-coverage="0% (0/2)">
									<conditions>
										<condition number="0" type="jump" coverage="0%"/>
									</conditions>
								</line>
								<line number="583" hits="0" branch="false"/>
								<line number="584" hits="0" branch="false"/>
								<line number="585" hits="0" branch="false"/>
							</lines>
						</method>
						<method name="moveNext_3" signature="()Z" line-rate="0.0" branch-rate="1.0">
							<lines>
								<line number="588" hits="0" branch="false"/>
								<line number="589" hits="0" branch="false"/>
								<line number="590" hits="0" branch="false"/>
							</lines>
						</method>
						<method name="position" signature="()I" line-rate="0.0" branch-rate="1.0">
							<lines>
								<line number="559" hits="0" branch="false"/>
							</lines>
						</method>
					</methods>
					<lines>
						<line number="547" hits="0" branch="false"/>
						<line number="548" hits="0" branch="false"/>
						<line number="553" hits="0" branch="false"/>
						<line number="554" hits="0" branch="false"/>
						<line number="555" hits="0" branch="false"/>
						<line number="557" hits="0" branch="false"/>
						<line number="559" hits="0" branch="false"/>
						<line number="563" hits="0" branch="true" condition-coverage="0% (0/2)">
							<conditions>
								<condition number="0" type="jump" coverage="0%"/>
							</conditions>
						</line>
						<line number="565" hits="0" branch="true" condition-coverage="0% (0/4)">
							<conditions>
								<condition number="0" type="switch" coverage="0%"/>
							</conditions>
						</line>
						<line number="567" hits="0" branch="true" condition-coverage="0% (0/2)">
							<conditions>
								<condition number="0" type="jump" coverage="0%"/>
							</conditions>
						</line>
						<line number="568" hits="0" branch="true" condition-coverage="0% (0/2)">
							<conditions>
								<condition number="0" type="jump" coverage="0%"/>
							</conditions>
						</line>
						<line number="569" hits="0" branch="true" condition-coverage="0% (0/2)">
							<conditions>
								<condition number="0" type="jump" coverage="0%"/>
							</conditions>
						</line>
						<line number="572" hits="0" branch="false"/>
						<line number="576" hits="0" branch="false"/>
						<line number="577" hits="0" branch="false"/>
						<line number="578" hits="0" branch="false"/>
						<line number="581" hits="0" branch="false"/>
						<line number="582" hits="0" branch="true" condition-coverage="0% (0/2)">
							<conditions>
								<condition number="0" type="jump" coverage="0%"/>
							</conditions>
						</line>
						<line number="583" hits="0" branch="false"/>
						<line number="584" hits="0" branch="false"/>
						<line number="585" hits="0" branch="false"/>
						<line number="588" hits="0" branch="false"/>
						<line number="589" hits="0" branch="false"/>
						<line number="590" hits="0" branch="false"/>
						<line number="598" hits="0" branch="false"/>
						<line number="600" hits="0" branch="false"/>
						<line number="602" hits="0" branch="false"/>
						<line number="603" hits="0" branch="false"/>
					</lines>
				</class>
				<class name="com.mapforce.IE509MapToCancellationResponse$main" filename="com/mapforce/IE509MapToCancellationResponse.java" line-rate="1.0" branch-rate="1.0" complexity="2.325301204819277">
					<methods>
						<method name="&lt;init&gt;" signature="(Lcom/altova/mapforce/IMFNode;)V" line-rate="1.0" branch-rate="1.0">
							<lines>
								<line number="30" hits="1" branch="false"/>
								<line number="31" hits="1" branch="false"/>
								<line number="32" hits="1" branch="false"/>
							</lines>
						</method>
						<method name="enumerator" signature="()Lcom/altova/mapforce/IEnumerator;" line-rate="1.0" branch-rate="1.0">
							<lines>
								<line number="34" hits="1" branch="false"/>
							</lines>
						</method>
					</methods>
					<lines>
						<line number="30" hits="1" branch="false"/>
						<line number="31" hits="1" branch="false"/>
						<line number="32" hits="1" branch="false"/>
						<line number="34" hits="1" branch="false"/>
					</lines>
				</class>
				<class name="com.mapforce.IE509MapToCancellationResponse$main$Enumerator" filename="com/mapforce/IE509MapToCancellationResponse.java" line-rate="0.8333333333333334" branch-rate="0.6666666666666666" complexity="2.325301204819277">
					<methods>
						<method name="&lt;init&gt;" signature="(Lcom/mapforce/IE509MapToCancellationResponse$main;)V" line-rate="1.0" branch-rate="1.0">
							<lines>
								<line number="38" hits="1" branch="false"/>
								<line number="39" hits="1" branch="false"/>
								<line number="44" hits="1" branch="false"/>
								<line number="45" hits="1" branch="false"/>
								<line number="46" hits="1" branch="false"/>
							</lines>
						</method>
						<method name="close" signature="()V" line-rate="0.0" branch-rate="1.0">
							<lines>
								<line number="80" hits="0" branch="false"/>
								<line number="81" hits="0" branch="false"/>
							</lines>
						</method>
						<method name="current" signature="()Ljava/lang/Object;" line-rate="1.0" branch-rate="1.0">
							<lines>
								<line number="48" hits="2" branch="false"/>
							</lines>
						</method>
						<method name="moveNext" signature="()Z" line-rate="1.0" branch-rate="0.6666666666666666">
							<lines>
								<line number="54" hits="2" branch="true" condition-coverage="100% (2/2)">
									<conditions>
										<condition number="0" type="jump" coverage="100%"/>
									</conditions>
								</line>
								<line number="56" hits="1" branch="true" condition-coverage="50% (1/2)">
									<conditions>
										<condition number="0" type="switch" coverage="50%"/>
									</conditions>
								</line>
								<line number="58" hits="1" branch="true" condition-coverage="50% (1/2)">
									<conditions>
										<condition number="0" type="jump" coverage="50%"/>
									</conditions>
								</line>
								<line number="61" hits="1" branch="false"/>
							</lines>
						</method>
						<method name="moveNext_2" signature="()Z" line-rate="1.0" branch-rate="1.0">
							<lines>
								<line number="65" hits="1" branch="false"/>
								<line number="66" hits="1" branch="false"/>
								<line number="67" hits="1" branch="false"/>
								<line number="68" hits="1" branch="false"/>
								<line number="69" hits="1" branch="false"/>
							</lines>
						</method>
						<method name="position" signature="()I" line-rate="0.0" branch-rate="1.0">
							<lines>
								<line number="50" hits="0" branch="false"/>
							</lines>
						</method>
					</methods>
					<lines>
						<line number="38" hits="1" branch="false"/>
						<line number="39" hits="1" branch="false"/>
						<line number="44" hits="1" branch="false"/>
						<line number="45" hits="1" branch="false"/>
						<line number="46" hits="1" branch="false"/>
						<line number="48" hits="2" branch="false"/>
						<line number="50" hits="0" branch="false"/>
						<line number="54" hits="2" branch="true" condition-coverage="100% (2/2)">
							<conditions>
								<condition number="0" type="jump" coverage="100%"/>
							</conditions>
						</line>
						<line number="56" hits="1" branch="true" condition-coverage="50% (1/2)">
							<conditions>
								<condition number="0" type="switch" coverage="50%"/>
							</conditions>
						</line>
						<line number="58" hits="1" branch="true" condition-coverage="50% (1/2)">
							<conditions>
								<condition number="0" type="jump" coverage="50%"/>
							</conditions>
						</line>
						<line number="61" hits="1" branch="false"/>
						<line number="65" hits="1" branch="false"/>
						<line number="66" hits="1" branch="false"/>
						<line number="67" hits="1" branch="false"/>
						<line number="68" hits="1" branch="false"/>
						<line number="69" hits="1" branch="false"/>
						<line number="80" hits="0" branch="false"/>
						<line number="81" hits="0" branch="false"/>
					</lines>
				</class>
				<class name="com.mapforce.IE509MapToCancellationResponse$seq1_join" filename="com/mapforce/IE509MapToCancellationResponse.java" line-rate="1.0" branch-rate="1.0" complexity="2.325301204819277">
					<methods>
						<method name="&lt;init&gt;" signature="(Lcom/altova/mapforce/IEnumerable;)V" line-rate="1.0" branch-rate="1.0">
							<lines>
								<line number="90" hits="1" branch="false"/>
								<line number="91" hits="1" branch="false"/>
								<line number="92" hits="1" branch="false"/>
							</lines>
						</method>
						<method name="enumerator" signature="()Lcom/altova/mapforce/IEnumerator;" line-rate="1.0" branch-rate="1.0">
							<lines>
								<line number="94" hits="1" branch="false"/>
							</lines>
						</method>
					</methods>
					<lines>
						<line number="90" hits="1" branch="false"/>
						<line number="91" hits="1" branch="false"/>
						<line number="92" hits="1" branch="false"/>
						<line number="94" hits="1" branch="false"/>
					</lines>
				</class>
				<class name="com.mapforce.IE509MapToCancellationResponse$seq1_join$Enumerator" filename="com/mapforce/IE509MapToCancellationResponse.java" line-rate="0.7083333333333334" branch-rate="0.6153846153846154" complexity="2.325301204819277">
					<methods>
						<method name="&lt;init&gt;" signature="(Lcom/mapforce/IE509MapToCancellationResponse$seq1_join;)V" line-rate="1.0" branch-rate="1.0">
							<lines>
								<line number="98" hits="1" branch="false"/>
								<line number="99" hits="1" branch="false"/>
								<line number="103" hits="1" branch="false"/>
								<line number="104" hits="1" branch="false"/>
								<line number="105" hits="1" branch="false"/>
							</lines>
						</method>
						<method name="close" signature="()V" line-rate="0.0" branch-rate="1.0">
							<lines>
								<line number="147" hits="0" branch="false"/>
								<line number="148" hits="0" branch="false"/>
							</lines>
						</method>
						<method name="current" signature="()Ljava/lang/Object;" line-rate="1.0" branch-rate="1.0">
							<lines>
								<line number="107" hits="4" branch="false"/>
							</lines>
						</method>
						<method name="moveNext" signature="()Z" line-rate="1.0" branch-rate="0.7777777777777778">
							<lines>
								<line number="113" hits="3" branch="true" condition-coverage="100% (2/2)">
									<conditions>
										<condition number="0" type="jump" coverage="100%"/>
									</conditions>
								</line>
								<line number="115" hits="2" branch="true" condition-coverage="100% (3/3)">
									<conditions>
										<condition number="0" type="switch" coverage="100%"/>
									</conditions>
								</line>
								<line number="117" hits="1" branch="true" condition-coverage="50% (1/2)">
									<conditions>
										<condition number="0" type="jump" coverage="50%"/>
									</conditions>
								</line>
								<line number="118" hits="1" branch="true" condition-coverage="50% (1/2)">
									<conditions>
										<condition number="0" type="jump" coverage="50%"/>
									</conditions>
								</line>
								<line number="121" hits="1" branch="false"/>
							</lines>
						</method>
						<method name="moveNext_1" signature="()Z" line-rate="1.0" branch-rate="1.0">
							<lines>
								<line number="125" hits="1" branch="false"/>
								<line number="126" hits="1" branch="false"/>
								<line number="127" hits="1" branch="false"/>
								<line number="128" hits="1" branch="false"/>
							</lines>
						</method>
						<method name="moveNext_2" signature="()Z" line-rate="0.3333333333333333" branch-rate="0.25">
							<lines>
								<line number="131" hits="1" branch="false"/>
								<line number="132" hits="1" branch="true" condition-coverage="50% (1/2)">
									<conditions>
										<condition number="0" type="jump" coverage="50%"/>
									</conditions>
								</line>
								<line number="133" hits="0" branch="true" condition-coverage="0% (0/2)">
									<conditions>
										<condition number="0" type="jump" coverage="0%"/>
									</conditions>
								</line>
								<line number="134" hits="0" branch="false"/>
								<line number="135" hits="0" branch="false"/>
								<line number="136" hits="0" branch="false"/>
							</lines>
						</method>
						<method name="position" signature="()I" line-rate="0.0" branch-rate="1.0">
							<lines>
								<line number="109" hits="0" branch="false"/>
							</lines>
						</method>
					</methods>
					<lines>
						<line number="98" hits="1" branch="false"/>
						<line number="99" hits="1" branch="false"/>
						<line number="103" hits="1" branch="false"/>
						<line number="104" hits="1" branch="false"/>
						<line number="105" hits="1" branch="false"/>
						<line number="107" hits="4" branch="false"/>
						<line number="109" hits="0" branch="false"/>
						<line number="113" hits="3" branch="true" condition-coverage="100% (2/2)">
							<conditions>
								<condition number="0" type="jump" coverage="100%"/>
							</conditions>
						</line>
						<line number="115" hits="2" branch="true" condition-coverage="100% (3/3)">
							<conditions>
								<condition number="0" type="switch" coverage="100%"/>
							</conditions>
						</line>
						<line number="117" hits="1" branch="true" condition-coverage="50% (1/2)">
							<conditions>
								<condition number="0" type="jump" coverage="50%"/>
							</conditions>
						</line>
						<line number="118" hits="1" branch="true" condition-coverage="50% (1/2)">
							<conditions>
								<condition number="0" type="jump" coverage="50%"/>
							</conditions>
						</line>
						<line number="121" hits="1" branch="false"/>
						<line number="125" hits="1" branch="false"/>
						<line number="126" hits="1" branch="false"/>
						<line number="127" hits="1" branch="false"/>
						<line number="128" hits="1" branch="false"/>
						<line number="131" hits="1" branch="false"/>
						<line number="132" hits="1" branch="true" condition-coverage="50% (1/2)">
							<conditions>
								<condition number="0" type="jump" coverage="50%"/>
							</conditions>
						</line>
						<line number="133" hits="0" branch="true" condition-coverage="0% (0/2)">
							<conditions>
								<condition number="0" type="jump" coverage="0%"/>
							</conditions>
						</line>
						<line number="134" hits="0" branch="false"/>
						<line number="135" hits="0" branch="false"/>
						<line number="136" hits="0" branch="false"/>
						<line number="147" hits="0" branch="false"/>
						<line number="148" hits="0" branch="false"/>
					</lines>
				</class>
				<class name="com.mapforce.IE509MapToCancellationResponse$seq2_join" filename="com/mapforce/IE509MapToCancellationResponse.java" line-rate="0.0" branch-rate="1.0" complexity="2.325301204819277">
					<methods>
						<method name="&lt;init&gt;" signature="(Lcom/altova/mapforce/IEnumerable;)V" line-rate="0.0" branch-rate="1.0">
							<lines>
								<line number="157" hits="0" branch="false"/>
								<line number="158" hits="0" branch="false"/>
								<line number="159" hits="0" branch="false"/>
							</lines>
						</method>
						<method name="enumerator" signature="()Lcom/altova/mapforce/IEnumerator;" line-rate="0.0" branch-rate="1.0">
							<lines>
								<line number="161" hits="0" branch="false"/>
							</lines>
						</method>
					</methods>
					<lines>
						<line number="157" hits="0" branch="false"/>
						<line number="158" hits="0" branch="false"/>
						<line number="159" hits="0" branch="false"/>
						<line number="161" hits="0" branch="false"/>
					</lines>
				</class>
				<class name="com.mapforce.IE509MapToCancellationResponse$seq2_join$Enumerator" filename="com/mapforce/IE509MapToCancellationResponse.java" line-rate="0.0" branch-rate="0.0" complexity="2.325301204819277">
					<methods>
						<method name="&lt;init&gt;" signature="(Lcom/mapforce/IE509MapToCancellationResponse$seq2_join;)V" line-rate="0.0" branch-rate="1.0">
							<lines>
								<line number="165" hits="0" branch="false"/>
								<line number="166" hits="0" branch="false"/>
								<line number="170" hits="0" branch="false"/>
								<line number="171" hits="0" branch="false"/>
								<line number="172" hits="0" branch="false"/>
							</lines>
						</method>
						<method name="close" signature="()V" line-rate="0.0" branch-rate="1.0">
							<lines>
								<line number="242" hits="0" branch="false"/>
								<line number="243" hits="0" branch="false"/>
							</lines>
						</method>
						<method name="current" signature="()Ljava/lang/Object;" line-rate="0.0" branch-rate="1.0">
							<lines>
								<line number="174" hits="0" branch="false"/>
							</lines>
						</method>
						<method name="moveNext" signature="()Z" line-rate="0.0" branch-rate="0.0">
							<lines>
								<line number="180" hits="0" branch="true" condition-coverage="0% (0/2)">
									<conditions>
										<condition number="0" type="jump" coverage="0%"/>
									</conditions>
								</line>
								<line number="182" hits="0" branch="true" condition-coverage="0% (0/11)">
									<conditions>
										<condition number="0" type="switch" coverage="0%"/>
									</conditions>
								</line>
								<line number="184" hits="0" branch="true" condition-coverage="0% (0/2)">
									<conditions>
										<condition number="0" type="jump" coverage="0%"/>
									</conditions>
								</line>
								<line number="185" hits="0" branch="true" condition-coverage="0% (0/2)">
									<conditions>
										<condition number="0" type="jump" coverage="0%"/>
									</conditions>
								</line>
								<line number="186" hits="0" branch="true" condition-coverage="0% (0/2)">
									<conditions>
										<condition number="0" type="jump" coverage="0%"/>
									</conditions>
								</line>
								<line number="187" hits="0" branch="true" condition-coverage="0% (0/2)">
									<conditions>
										<condition number="0" type="jump" coverage="0%"/>
									</conditions>
								</line>
								<line number="188" hits="0" branch="true" condition-coverage="0% (0/2)">
									<conditions>
										<condition number="0" type="jump" coverage="0%"/>
									</conditions>
								</line>
								<line number="189" hits="0" branch="true" condition-coverage="0% (0/2)">
									<conditions>
										<condition number="0" type="jump" coverage="0%"/>
									</conditions>
								</line>
								<line number="192" hits="0" branch="false"/>
							</lines>
						</method>
						<method name="moveNext_1" signature="()Z" line-rate="0.0" branch-rate="0.0">
							<lines>
								<line number="196" hits="0" branch="false"/>
								<line number="197" hits="0" branch="true" condition-coverage="0% (0/2)">
									<conditions>
										<condition number="0" type="jump" coverage="0%"/>
									</conditions>
								</line>
								<line number="198" hits="0" branch="false"/>
								<line number="199" hits="0" branch="false"/>
								<line number="200" hits="0" branch="false"/>
							</lines>
						</method>
						<method name="moveNext_10" signature="()Z" line-rate="0.0" branch-rate="1.0">
							<lines>
								<line number="228" hits="0" branch="false"/>
								<line number="229" hits="0" branch="false"/>
								<line number="230" hits="0" branch="false"/>
								<line number="231" hits="0" branch="false"/>
							</lines>
						</method>
						<method name="moveNext_4" signature="()Z" line-rate="0.0" branch-rate="1.0">
							<lines>
								<line number="203" hits="0" branch="false"/>
								<line number="204" hits="0" branch="false"/>
								<line number="205" hits="0" branch="false"/>
								<line number="206" hits="0" branch="false"/>
							</lines>
						</method>
						<method name="moveNext_5" signature="()Z" line-rate="0.0" branch-rate="0.0">
							<lines>
								<line number="209" hits="0" branch="false"/>
								<line number="210" hits="0" branch="true" condition-coverage="0% (0/2)">
									<conditions>
										<condition number="0" type="jump" coverage="0%"/>
									</conditions>
								</line>
								<line number="211" hits="0" branch="false"/>
								<line number="212" hits="0" branch="false"/>
								<line number="213" hits="0" branch="false"/>
							</lines>
						</method>
						<method name="moveNext_8" signature="()Z" line-rate="0.0" branch-rate="1.0">
							<lines>
								<line number="216" hits="0" branch="false"/>
								<line number="217" hits="0" branch="false"/>
								<line number="218" hits="0" branch="false"/>
								<line number="219" hits="0" branch="false"/>
							</lines>
						</method>
						<method name="moveNext_9" signature="()Z" line-rate="0.0" branch-rate="1.0">
							<lines>
								<line number="222" hits="0" branch="false"/>
								<line number="223" hits="0" branch="false"/>
								<line number="224" hits="0" branch="false"/>
								<line number="225" hits="0" branch="false"/>
							</lines>
						</method>
						<method name="position" signature="()I" line-rate="0.0" branch-rate="1.0">
							<lines>
								<line number="176" hits="0" branch="false"/>
							</lines>
						</method>
					</methods>
					<lines>
						<line number="165" hits="0" branch="false"/>
						<line number="166" hits="0" branch="false"/>
						<line number="170" hits="0" branch="false"/>
						<line number="171" hits="0" branch="false"/>
						<line number="172" hits="0" branch="false"/>
						<line number="174" hits="0" branch="false"/>
						<line number="176" hits="0" branch="false"/>
						<line number="180" hits="0" branch="true" condition-coverage="0% (0/2)">
							<conditions>
								<condition number="0" type="jump" coverage="0%"/>
							</conditions>
						</line>
						<line number="182" hits="0" branch="true" condition-coverage="0% (0/11)">
							<conditions>
								<condition number="0" type="switch" coverage="0%"/>
							</conditions>
						</line>
						<line number="184" hits="0" branch="true" condition-coverage="0% (0/2)">
							<conditions>
								<condition number="0" type="jump" coverage="0%"/>
							</conditions>
						</line>
						<line number="185" hits="0" branch="true" condition-coverage="0% (0/2)">
							<conditions>
								<condition number="0" type="jump" coverage="0%"/>
							</conditions>
						</line>
						<line number="186" hits="0" branch="true" condition-coverage="0% (0/2)">
							<conditions>
								<condition number="0" type="jump" coverage="0%"/>
							</conditions>
						</line>
						<line number="187" hits="0" branch="true" condition-coverage="0% (0/2)">
							<conditions>
								<condition number="0" type="jump" coverage="0%"/>
							</conditions>
						</line>
						<line number="188" hits="0" branch="true" condition-coverage="0% (0/2)">
							<conditions>
								<condition number="0" type="jump" coverage="0%"/>
							</conditions>
						</line>
						<line number="189" hits="0" branch="true" condition-coverage="0% (0/2)">
							<conditions>
								<condition number="0" type="jump" coverage="0%"/>
							</conditions>
						</line>
						<line number="192" hits="0" branch="false"/>
						<line number="196" hits="0" branch="false"/>
						<line number="197" hits="0" branch="true" condition-coverage="0% (0/2)">
							<conditions>
								<condition number="0" type="jump" coverage="0%"/>
							</conditions>
						</line>
						<line number="198" hits="0" branch="false"/>
						<line number="199" hits="0" branch="false"/>
						<line number="200" hits="0" branch="false"/>
						<line number="203" hits="0" branch="false"/>
						<line number="204" hits="0" branch="false"/>
						<line number="205" hits="0" branch="false"/>
						<line number="206" hits="0" branch="false"/>
						<line number="209" hits="0" branch="false"/>
						<line number="210" hits="0" branch="true" condition-coverage="0% (0/2)">
							<conditions>
								<condition number="0" type="jump" coverage="0%"/>
							</conditions>
						</line>
						<line number="211" hits="0" branch="false"/>
						<line number="212" hits="0" branch="false"/>
						<line number="213" hits="0" branch="false"/>
						<line number="216" hits="0" branch="false"/>
						<line number="217" hits="0" branch="false"/>
						<line number="218" hits="0" branch="false"/>
						<line number="219" hits="0" branch="false"/>
						<line number="222" hits="0" branch="false"/>
						<line number="223" hits="0" branch="false"/>
						<line number="224" hits="0" branch="false"/>
						<line number="225" hits="0" branch="false"/>
						<line number="228" hits="0" branch="false"/>
						<line number="229" hits="0" branch="false"/>
						<line number="230" hits="0" branch="false"/>
						<line number="231" hits="0" branch="false"/>
						<line number="242" hits="0" branch="false"/>
						<line number="243" hits="0" branch="false"/>
					</lines>
				</class>
				<class name="com.mapforce.IE509MapToCancellationResponse$seq3_join" filename="com/mapforce/IE509MapToCancellationResponse.java" line-rate="0.0" branch-rate="1.0" complexity="2.325301204819277">
					<methods>
						<method name="&lt;init&gt;" signature="(Lcom/altova/mapforce/IEnumerable;)V" line-rate="0.0" branch-rate="1.0">
							<lines>
								<line number="252" hits="0" branch="false"/>
								<line number="253" hits="0" branch="false"/>
								<line number="254" hits="0" branch="false"/>
							</lines>
						</method>
						<method name="enumerator" signature="()Lcom/altova/mapforce/IEnumerator;" line-rate="0.0" branch-rate="1.0">
							<lines>
								<line number="256" hits="0" branch="false"/>
							</lines>
						</method>
					</methods>
					<lines>
						<line number="252" hits="0" branch="false"/>
						<line number="253" hits="0" branch="false"/>
						<line number="254" hits="0" branch="false"/>
						<line number="256" hits="0" branch="false"/>
					</lines>
				</class>
				<class name="com.mapforce.IE509MapToCancellationResponse$seq3_join$Enumerator" filename="com/mapforce/IE509MapToCancellationResponse.java" line-rate="0.0" branch-rate="0.0" complexity="2.325301204819277">
					<methods>
						<method name="&lt;init&gt;" signature="(Lcom/mapforce/IE509MapToCancellationResponse$seq3_join;)V" line-rate="0.0" branch-rate="1.0">
							<lines>
								<line number="260" hits="0" branch="false"/>
								<line number="261" hits="0" branch="false"/>
								<line number="265" hits="0" branch="false"/>
								<line number="266" hits="0" branch="false"/>
								<line number="267" hits="0" branch="false"/>
							</lines>
						</method>
						<method name="close" signature="()V" line-rate="0.0" branch-rate="1.0">
							<lines>
								<line number="316" hits="0" branch="false"/>
								<line number="317" hits="0" branch="false"/>
							</lines>
						</method>
						<method name="current" signature="()Ljava/lang/Object;" line-rate="0.0" branch-rate="1.0">
							<lines>
								<line number="269" hits="0" branch="false"/>
							</lines>
						</method>
						<method name="moveNext" signature="()Z" line-rate="0.0" branch-rate="0.0">
							<lines>
								<line number="275" hits="0" branch="true" condition-coverage="0% (0/2)">
									<conditions>
										<condition number="0" type="jump" coverage="0%"/>
									</conditions>
								</line>
								<line number="277" hits="0" branch="true" condition-coverage="0% (0/6)">
									<conditions>
										<condition number="0" type="switch" coverage="0%"/>
									</conditions>
								</line>
								<line number="279" hits="0" branch="true" condition-coverage="0% (0/2)">
									<conditions>
										<condition number="0" type="jump" coverage="0%"/>
									</conditions>
								</line>
								<line number="280" hits="0" branch="true" condition-coverage="0% (0/2)">
									<conditions>
										<condition number="0" type="jump" coverage="0%"/>
									</conditions>
								</line>
								<line number="281" hits="0" branch="true" condition-coverage="0% (0/2)">
									<conditions>
										<condition number="0" type="jump" coverage="0%"/>
									</conditions>
								</line>
								<line number="284" hits="0" branch="false"/>
							</lines>
						</method>
						<method name="moveNext_1" signature="()Z" line-rate="0.0" branch-rate="1.0">
							<lines>
								<line number="288" hits="0" branch="false"/>
								<line number="289" hits="0" branch="false"/>
								<line number="290" hits="0" branch="false"/>
								<line number="291" hits="0" branch="false"/>
							</lines>
						</method>
						<method name="moveNext_2" signature="()Z" line-rate="0.0" branch-rate="0.0">
							<lines>
								<line number="294" hits="0" branch="false"/>
								<line number="295" hits="0" branch="true" condition-coverage="0% (0/2)">
									<conditions>
										<condition number="0" type="jump" coverage="0%"/>
									</conditions>
								</line>
								<line number="296" hits="0" branch="false"/>
								<line number="297" hits="0" branch="false"/>
								<line number="298" hits="0" branch="false"/>
							</lines>
						</method>
						<method name="moveNext_5" signature="()Z" line-rate="0.0" branch-rate="0.0">
							<lines>
								<line number="301" hits="0" branch="false"/>
								<line number="302" hits="0" branch="true" condition-coverage="0% (0/2)">
									<conditions>
										<condition number="0" type="jump" coverage="0%"/>
									</conditions>
								</line>
								<line number="303" hits="0" branch="false"/>
								<line number="304" hits="0" branch="false"/>
								<line number="305" hits="0" branch="false"/>
							</lines>
						</method>
						<method name="position" signature="()I" line-rate="0.0" branch-rate="1.0">
							<lines>
								<line number="271" hits="0" branch="false"/>
							</lines>
						</method>
					</methods>
					<lines>
						<line number="260" hits="0" branch="false"/>
						<line number="261" hits="0" branch="false"/>
						<line number="265" hits="0" branch="false"/>
						<line number="266" hits="0" branch="false"/>
						<line number="267" hits="0" branch="false"/>
						<line number="269" hits="0" branch="false"/>
						<line number="271" hits="0" branch="false"/>
						<line number="275" hits="0" branch="true" condition-coverage="0% (0/2)">
							<conditions>
								<condition number="0" type="jump" coverage="0%"/>
							</conditions>
						</line>
						<line number="277" hits="0" branch="true" condition-coverage="0% (0/6)">
							<conditions>
								<condition number="0" type="switch" coverage="0%"/>
							</conditions>
						</line>
						<line number="279" hits="0" branch="true" condition-coverage="0% (0/2)">
							<conditions>
								<condition number="0" type="jump" coverage="0%"/>
							</conditions>
						</line>
						<line number="280" hits="0" branch="true" condition-coverage="0% (0/2)">
							<conditions>
								<condition number="0" type="jump" coverage="0%"/>
							</conditions>
						</line>
						<line number="281" hits="0" branch="true" condition-coverage="0% (0/2)">
							<conditions>
								<condition number="0" type="jump" coverage="0%"/>
							</conditions>
						</line>
						<line number="284" hits="0" branch="false"/>
						<line number="288" hits="0" branch="false"/>
						<line number="289" hits="0" branch="false"/>
						<line number="290" hits="0" branch="false"/>
						<line number="291" hits="0" branch="false"/>
						<line number="294" hits="0" branch="false"/>
						<line number="295" hits="0" branch="true" condition-coverage="0% (0/2)">
							<conditions>
								<condition number="0" type="jump" coverage="0%"/>
							</conditions>
						</line>
						<line number="296" hits="0" branch="false"/>
						<line number="297" hits="0" branch="false"/>
						<line number="298" hits="0" branch="false"/>
						<line number="301" hits="0" branch="false"/>
						<line number="302" hits="0" branch="true" condition-coverage="0% (0/2)">
							<conditions>
								<condition number="0" type="jump" coverage="0%"/>
							</conditions>
						</line>
						<line number="303" hits="0" branch="false"/>
						<line number="304" hits="0" branch="false"/>
						<line number="305" hits="0" branch="false"/>
						<line number="316" hits="0" branch="false"/>
						<line number="317" hits="0" branch="false"/>
					</lines>
				</class>
				<class name="com.mapforce.IE509MapToCancellationResponse$seq4_join" filename="com/mapforce/IE509MapToCancellationResponse.java" line-rate="0.0" branch-rate="1.0" complexity="2.325301204819277">
					<methods>
						<method name="&lt;init&gt;" signature="(Lcom/altova/mapforce/IEnumerable;)V" line-rate="0.0" branch-rate="1.0">
							<lines>
								<line number="326" hits="0" branch="false"/>
								<line number="327" hits="0" branch="false"/>
								<line number="328" hits="0" branch="false"/>
							</lines>
						</method>
						<method name="enumerator" signature="()Lcom/altova/mapforce/IEnumerator;" line-rate="0.0" branch-rate="1.0">
							<lines>
								<line number="330" hits="0" branch="false"/>
							</lines>
						</method>
					</methods>
					<lines>
						<line number="326" hits="0" branch="false"/>
						<line number="327" hits="0" branch="false"/>
						<line number="328" hits="0" branch="false"/>
						<line number="330" hits="0" branch="false"/>
					</lines>
				</class>
				<class name="com.mapforce.IE509MapToCancellationResponse$seq4_join$Enumerator" filename="com/mapforce/IE509MapToCancellationResponse.java" line-rate="0.0" branch-rate="0.0" complexity="2.325301204819277">
					<methods>
						<method name="&lt;init&gt;" signature="(Lcom/mapforce/IE509MapToCancellationResponse$seq4_join;)V" line-rate="0.0" branch-rate="1.0">
							<lines>
								<line number="334" hits="0" branch="false"/>
								<line number="335" hits="0" branch="false"/>
								<line number="339" hits="0" branch="false"/>
								<line number="340" hits="0" branch="false"/>
								<line number="341" hits="0" branch="false"/>
							</lines>
						</method>
						<method name="close" signature="()V" line-rate="0.0" branch-rate="1.0">
							<lines>
								<line number="398" hits="0" branch="false"/>
								<line number="399" hits="0" branch="false"/>
							</lines>
						</method>
						<method name="current" signature="()Ljava/lang/Object;" line-rate="0.0" branch-rate="1.0">
							<lines>
								<line number="343" hits="0" branch="false"/>
							</lines>
						</method>
						<method name="moveNext" signature="()Z" line-rate="0.0" branch-rate="0.0">
							<lines>
								<line number="349" hits="0" branch="true" condition-coverage="0% (0/2)">
									<conditions>
										<condition number="0" type="jump" coverage="0%"/>
									</conditions>
								</line>
								<line number="351" hits="0" branch="true" condition-coverage="0% (0/9)">
									<conditions>
										<condition number="0" type="switch" coverage="0%"/>
									</conditions>
								</line>
								<line number="353" hits="0" branch="true" condition-coverage="0% (0/2)">
									<conditions>
										<condition number="0" type="jump" coverage="0%"/>
									</conditions>
								</line>
								<line number="354" hits="0" branch="true" condition-coverage="0% (0/2)">
									<conditions>
										<condition number="0" type="jump" coverage="0%"/>
									</conditions>
								</line>
								<line number="355" hits="0" branch="true" condition-coverage="0% (0/2)">
									<conditions>
										<condition number="0" type="jump" coverage="0%"/>
									</conditions>
								</line>
								<line number="356" hits="0" branch="true" condition-coverage="0% (0/2)">
									<conditions>
										<condition number="0" type="jump" coverage="0%"/>
									</conditions>
								</line>
								<line number="359" hits="0" branch="false"/>
							</lines>
						</method>
						<method name="moveNext_1" signature="()Z" line-rate="0.0" branch-rate="1.0">
							<lines>
								<line number="363" hits="0" branch="false"/>
								<line number="364" hits="0" branch="false"/>
								<line number="365" hits="0" branch="false"/>
								<line number="366" hits="0" branch="false"/>
							</lines>
						</method>
						<method name="moveNext_2" signature="()Z" line-rate="0.0" branch-rate="0.0">
							<lines>
								<line number="369" hits="0" branch="false"/>
								<line number="370" hits="0" branch="true" condition-coverage="0% (0/2)">
									<conditions>
										<condition number="0" type="jump" coverage="0%"/>
									</conditions>
								</line>
								<line number="371" hits="0" branch="false"/>
								<line number="372" hits="0" branch="false"/>
								<line number="373" hits="0" branch="false"/>
							</lines>
						</method>
						<method name="moveNext_5" signature="()Z" line-rate="0.0" branch-rate="0.0">
							<lines>
								<line number="376" hits="0" branch="false"/>
								<line number="377" hits="0" branch="true" condition-coverage="0% (0/2)">
									<conditions>
										<condition number="0" type="jump" coverage="0%"/>
									</conditions>
								</line>
								<line number="378" hits="0" branch="false"/>
								<line number="379" hits="0" branch="false"/>
								<line number="380" hits="0" branch="false"/>
							</lines>
						</method>
						<method name="moveNext_8" signature="()Z" line-rate="0.0" branch-rate="0.0">
							<lines>
								<line number="383" hits="0" branch="false"/>
								<line number="384" hits="0" branch="true" condition-coverage="0% (0/2)">
									<conditions>
										<condition number="0" type="jump" coverage="0%"/>
									</conditions>
								</line>
								<line number="385" hits="0" branch="false"/>
								<line number="386" hits="0" branch="false"/>
								<line number="387" hits="0" branch="false"/>
							</lines>
						</method>
						<method name="position" signature="()I" line-rate="0.0" branch-rate="1.0">
							<lines>
								<line number="345" hits="0" branch="false"/>
							</lines>
						</method>
					</methods>
					<lines>
						<line number="334" hits="0" branch="false"/>
						<line number="335" hits="0" branch="false"/>
						<line number="339" hits="0" branch="false"/>
						<line number="340" hits="0" branch="false"/>
						<line number="341" hits="0" branch="false"/>
						<line number="343" hits="0" branch="false"/>
						<line number="345" hits="0" branch="false"/>
						<line number="349" hits="0" branch="true" condition-coverage="0% (0/2)">
							<conditions>
								<condition number="0" type="jump" coverage="0%"/>
							</conditions>
						</line>
						<line number="351" hits="0" branch="true" condition-coverage="0% (0/9)">
							<conditions>
								<condition number="0" type="switch" coverage="0%"/>
							</conditions>
						</line>
						<line number="353" hits="0" branch="true" condition-coverage="0% (0/2)">
							<conditions>
								<condition number="0" type="jump" coverage="0%"/>
							</conditions>
						</line>
						<line number="354" hits="0" branch="true" condition-coverage="0% (0/2)">
							<conditions>
								<condition number="0" type="jump" coverage="0%"/>
							</conditions>
						</line>
						<line number="355" hits="0" branch="true" condition-coverage="0% (0/2)">
							<conditions>
								<condition number="0" type="jump" coverage="0%"/>
							</conditions>
						</line>
						<line number="356" hits="0" branch="true" condition-coverage="0% (0/2)">
							<conditions>
								<condition number="0" type="jump" coverage="0%"/>
							</conditions>
						</line>
						<line number="359" hits="0" branch="false"/>
						<line number="363" hits="0" branch="false"/>
						<line number="364" hits="0" branch="false"/>
						<line number="365" hits="0" branch="false"/>
						<line number="366" hits="0" branch="false"/>
						<line number="369" hits="0" branch="false"/>
						<line number="370" hits="0" branch="true" condition-coverage="0% (0/2)">
							<conditions>
								<condition number="0" type="jump" coverage="0%"/>
							</conditions>
						</line>
						<line number="371" hits="0" branch="false"/>
						<line number="372" hits="0" branch="false"/>
						<line number="373" hits="0" branch="false"/>
						<line number="376" hits="0" branch="false"/>
						<line number="377" hits="0" branch="true" condition-coverage="0% (0/2)">
							<conditions>
								<condition number="0" type="jump" coverage="0%"/>
							</conditions>
						</line>
						<line number="378" hits="0" branch="false"/>
						<line number="379" hits="0" branch="false"/>
						<line number="380" hits="0" branch="false"/>
						<line number="383" hits="0" branch="false"/>
						<line number="384" hits="0" branch="true" condition-coverage="0% (0/2)">
							<conditions>
								<condition number="0" type="jump" coverage="0%"/>
							</conditions>
						</line>
						<line number="385" hits="0" branch="false"/>
						<line number="386" hits="0" branch="false"/>
						<line number="387" hits="0" branch="false"/>
						<line number="398" hits="0" branch="false"/>
						<line number="399" hits="0" branch="false"/>
					</lines>
				</class>
				<class name="com.mapforce.IE509MapToCancellationResponse$seq5_seq_" filename="com/mapforce/IE509MapToCancellationResponse.java" line-rate="0.0" branch-rate="1.0" complexity="2.325301204819277">
					<methods>
						<method name="&lt;init&gt;" signature="(Lcom/altova/mapforce/IEnumerable;)V" line-rate="0.0" branch-rate="1.0">
							<lines>
								<line number="408" hits="0" branch="false"/>
								<line number="409" hits="0" branch="false"/>
								<line number="410" hits="0" branch="false"/>
							</lines>
						</method>
						<method name="enumerator" signature="()Lcom/altova/mapforce/IEnumerator;" line-rate="0.0" branch-rate="1.0">
							<lines>
								<line number="412" hits="0" branch="false"/>
							</lines>
						</method>
[...]
						<line number="117" hits="1" branch="true" condition-coverage="50% (1/2)">
							<conditions>
								<condition number="0" type="jump" coverage="50%"/>
							</conditions>
						</line>
						<line number="118" hits="1" branch="true" condition-coverage="50% (1/2)">
							<conditions>
								<condition number="0" type="jump" coverage="50%"/>
							</conditions>
						</line>
						<line number="121" hits="1" branch="false"/>
						<line number="125" hits="1" branch="false"/>
						<line number="126" hits="1" branch="false"/>
						<line number="127" hits="1" branch="false"/>
						<line number="128" hits="1" branch="false"/>
						<line number="131" hits="1" branch="false"/>
						<line number="132" hits="1" branch="true" condition-coverage="50% (1/2)">
							<conditions>
								<condition number="0" type="jump" coverage="50%"/>
							</conditions>
						</line>
						<line number="133" hits="1" branch="true" condition-coverage="50% (1/2)">
							<conditions>
								<condition number="0" type="jump" coverage="50%"/>
							</conditions>
						</line>
						<line number="134" hits="1" branch="false"/>
						<line number="135" hits="1" branch="false"/>
						<line number="136" hits="1" branch="false"/>
						<line number="147" hits="0" branch="false"/>
						<line number="148" hits="0" branch="false"/>
					</lines>
				</class>
				<class name="com.mapforce.TransactionAckMapToLocalAppResult$seq2_if_exists" filename="com/mapforce/TransactionAckMapToLocalAppResult.java" line-rate="1.0" branch-rate="1.0" complexity="2.086206896551724">
					<methods>
						<method name="&lt;init&gt;" signature="(Lcom/altova/mapforce/IEnumerable;)V" line-rate="1.0" branch-rate="1.0">
							<lines>
								<line number="157" hits="1" branch="false"/>
								<line number="158" hits="1" branch="false"/>
								<line number="159" hits="1" branch="false"/>
							</lines>
						</method>
						<method name="enumerator" signature="()Lcom/altova/mapforce/IEnumerator;" line-rate="1.0" branch-rate="1.0">
							<lines>
								<line number="161" hits="1" branch="false"/>
							</lines>
						</method>
					</methods>
					<lines>
						<line number="157" hits="1" branch="false"/>
						<line number="158" hits="1" branch="false"/>
						<line number="159" hits="1" branch="false"/>
						<line number="161" hits="1" branch="false"/>
					</lines>
				</class>
				<class name="com.mapforce.TransactionAckMapToLocalAppResult$seq2_if_exists$Enumerator" filename="com/mapforce/TransactionAckMapToLocalAppResult.java" line-rate="0.6956521739130435" branch-rate="0.36363636363636365" complexity="2.086206896551724">
					<methods>
						<method name="&lt;init&gt;" signature="(Lcom/mapforce/TransactionAckMapToLocalAppResult$seq2_if_exists;)V" line-rate="1.0" branch-rate="1.0">
							<lines>
								<line number="165" hits="1" branch="false"/>
								<line number="166" hits="1" branch="false"/>
								<line number="170" hits="1" branch="false"/>
								<line number="171" hits="1" branch="false"/>
								<line number="172" hits="1" branch="false"/>
							</lines>
						</method>
						<method name="close" signature="()V" line-rate="1.0" branch-rate="1.0">
							<lines>
								<line number="213" hits="1" branch="false"/>
								<line number="214" hits="1" branch="false"/>
							</lines>
						</method>
						<method name="current" signature="()Ljava/lang/Object;" line-rate="1.0" branch-rate="1.0">
							<lines>
								<line number="174" hits="1" branch="false"/>
							</lines>
						</method>
						<method name="moveNext" signature="()Z" line-rate="0.6" branch-rate="0.3333333333333333">
							<lines>
								<line number="180" hits="1" branch="true" condition-coverage="50% (1/2)">
									<conditions>
										<condition number="0" type="jump" coverage="50%"/>
									</conditions>
								</line>
								<line number="182" hits="1" branch="true" condition-coverage="33% (1/3)">
									<conditions>
										<condition number="0" type="switch" coverage="33%"/>
									</conditions>
								</line>
								<line number="184" hits="1" branch="true" condition-coverage="50% (1/2)">
									<conditions>
										<condition number="0" type="jump" coverage="50%"/>
									</conditions>
								</line>
								<line number="185" hits="0" branch="true" condition-coverage="0% (0/2)">
									<conditions>
										<condition number="0" type="jump" coverage="0%"/>
									</conditions>
								</line>
								<line number="188" hits="0" branch="false"/>
							</lines>
						</method>
						<method name="moveNext_1" signature="()Z" line-rate="1.0" branch-rate="0.5">
							<lines>
								<line number="192" hits="1" branch="false"/>
								<line number="193" hits="1" branch="true" condition-coverage="50% (1/2)">
									<conditions>
										<condition number="0" type="jump" coverage="50%"/>
									</conditions>
								</line>
								<line number="194" hits="1" branch="false"/>
								<line number="195" hits="1" branch="false"/>
								<line number="196" hits="1" branch="false"/>
							</lines>
						</method>
						<method name="moveNext_2" signature="()Z" line-rate="0.0" branch-rate="1.0">
							<lines>
								<line number="199" hits="0" branch="false"/>
								<line number="200" hits="0" branch="false"/>
								<line number="201" hits="0" branch="false"/>
								<line number="202" hits="0" branch="false"/>
							</lines>
						</method>
						<method name="position" signature="()I" line-rate="0.0" branch-rate="1.0">
							<lines>
								<line number="176" hits="0" branch="false"/>
							</lines>
						</method>
					</methods>
					<lines>
						<line number="165" hits="1" branch="false"/>
						<line number="166" hits="1" branch="false"/>
						<line number="170" hits="1" branch="false"/>
						<line number="171" hits="1" branch="false"/>
						<line number="172" hits="1" branch="false"/>
						<line number="174" hits="1" branch="false"/>
						<line number="176" hits="0" branch="false"/>
						<line number="180" hits="1" branch="true" condition-coverage="50% (1/2)">
							<conditions>
								<condition number="0" type="jump" coverage="50%"/>
							</conditions>
						</line>
						<line number="182" hits="1" branch="true" condition-coverage="33% (1/3)">
							<conditions>
								<condition number="0" type="switch" coverage="33%"/>
							</conditions>
						</line>
						<line number="184" hits="1" branch="true" condition-coverage="50% (1/2)">
							<conditions>
								<condition number="0" type="jump" coverage="50%"/>
							</conditions>
						</line>
						<line number="185" hits="0" branch="true" condition-coverage="0% (0/2)">
							<conditions>
								<condition number="0" type="jump" coverage="0%"/>
							</conditions>
						</line>
						<line number="188" hits="0" branch="false"/>
						<line number="192" hits="1" branch="false"/>
						<line number="193" hits="1" branch="true" condition-coverage="50% (1/2)">
							<conditions>
								<condition number="0" type="jump" coverage="50%"/>
							</conditions>
						</line>
						<line number="194" hits="1" branch="false"/>
						<line number="195" hits="1" branch="false"/>
						<line number="196" hits="1" branch="false"/>
						<line number="199" hits="0" branch="false"/>
						<line number="200" hits="0" branch="false"/>
						<line number="201" hits="0" branch="false"/>
						<line number="202" hits="0" branch="false"/>
						<line number="213" hits="1" branch="false"/>
						<line number="214" hits="1" branch="false"/>
					</lines>
				</class>
				<class name="com.mapforce.TransactionAckMapToLocalAppResult$seq3_seq_" filename="com/mapforce/TransactionAckMapToLocalAppResult.java" line-rate="1.0" branch-rate="1.0" complexity="2.086206896551724">
					<methods>
						<method name="&lt;init&gt;" signature="(Lcom/altova/mapforce/IEnumerable;)V" line-rate="1.0" branch-rate="1.0">
							<lines>
								<line number="223" hits="1" branch="false"/>
								<line number="224" hits="1" branch="false"/>
								<line number="225" hits="1" branch="false"/>
							</lines>
						</method>
						<method name="enumerator" signature="()Lcom/altova/mapforce/IEnumerator;" line-rate="1.0" branch-rate="1.0">
							<lines>
								<line number="227" hits="1" branch="false"/>
							</lines>
						</method>
					</methods>
					<lines>
						<line number="223" hits="1" branch="false"/>
						<line number="224" hits="1" branch="false"/>
						<line number="225" hits="1" branch="false"/>
						<line number="227" hits="1" branch="false"/>
					</lines>
				</class>
				<class name="com.mapforce.TransactionAckMapToLocalAppResult$seq3_seq_$Enumerator" filename="com/mapforce/TransactionAckMapToLocalAppResult.java" line-rate="0.8636363636363636" branch-rate="0.6666666666666666" complexity="2.086206896551724">
					<methods>
						<method name="&lt;init&gt;" signature="(Lcom/mapforce/TransactionAckMapToLocalAppResult$seq3_seq_;)V" line-rate="1.0" branch-rate="1.0">
							<lines>
								<line number="231" hits="1" branch="false"/>
								<line number="232" hits="1" branch="false"/>
								<line number="236" hits="1" branch="false"/>
								<line number="237" hits="1" branch="false"/>
								<line number="238" hits="1" branch="false"/>
							</lines>
						</method>
						<method name="close" signature="()V" line-rate="0.0" branch-rate="1.0">
							<lines>
								<line number="278" hits="0" branch="false"/>
								<line number="279" hits="0" branch="false"/>
							</lines>
						</method>
						<method name="current" signature="()Ljava/lang/Object;" line-rate="1.0" branch-rate="1.0">
							<lines>
								<line number="240" hits="8" branch="false"/>
							</lines>
						</method>
						<method name="moveNext" signature="()Z" line-rate="1.0" branch-rate="0.6666666666666666">
							<lines>
								<line number="246" hits="3" branch="true" condition-coverage="100% (2/2)">
									<conditions>
										<condition number="0" type="jump" coverage="100%"/>
									</conditions>
								</line>
								<line number="248" hits="2" branch="true" condition-coverage="66% (2/3)">
									<conditions>
										<condition number="0" type="switch" coverage="66%"/>
									</conditions>
								</line>
								<line number="250" hits="1" branch="true" condition-coverage="50% (1/2)">
									<conditions>
										<condition number="0" type="jump" coverage="50%"/>
									</conditions>
								</line>
								<line number="251" hits="1" branch="true" condition-coverage="50% (1/2)">
									<conditions>
										<condition number="0" type="jump" coverage="50%"/>
									</conditions>
								</line>
								<line number="254" hits="1" branch="false"/>
							</lines>
						</method>
						<method name="moveNext_1" signature="()Z" line-rate="1.0" branch-rate="1.0">
							<lines>
								<line number="258" hits="1" branch="false"/>
								<line number="259" hits="1" branch="false"/>
								<line number="260" hits="1" branch="false"/>
								<line number="261" hits="1" branch="false"/>
							</lines>
						</method>
						<method name="moveNext_2" signature="()Z" line-rate="1.0" branch-rate="1.0">
							<lines>
								<line number="264" hits="1" branch="false"/>
								<line number="265" hits="1" branch="false"/>
								<line number="266" hits="1" branch="false"/>
								<line number="267" hits="1" branch="false"/>
							</lines>
						</method>
						<method name="position" signature="()I" line-rate="0.0" branch-rate="1.0">
							<lines>
								<line number="242" hits="0" branch="false"/>
							</lines>
						</method>
					</methods>
					<lines>
						<line number="231" hits="1" branch="false"/>
						<line number="232" hits="1" branch="false"/>
						<line number="236" hits="1" branch="false"/>
						<line number="237" hits="1" branch="false"/>
						<line number="238" hits="1" branch="false"/>
						<line number="240" hits="8" branch="false"/>
						<line number="242" hits="0" branch="false"/>
						<line number="246" hits="3" branch="true" condition-coverage="100% (2/2)">
							<conditions>
								<condition number="0" type="jump" coverage="100%"/>
							</conditions>
						</line>
						<line number="248" hits="2" branch="true" condition-coverage="66% (2/3)">
							<conditions>
								<condition number="0" type="switch" coverage="66%"/>
							</conditions>
						</line>
						<line number="250" hits="1" branch="true" condition-coverage="50% (1/2)">
							<conditions>
								<condition number="0" type="jump" coverage="50%"/>
							</conditions>
						</line>
						<line number="251" hits="1" branch="true" condition-coverage="50% (1/2)">
							<conditions>
								<condition number="0" type="jump" coverage="50%"/>
							</conditions>
						</line>
						<line number="254" hits="1" branch="false"/>
						<line number="258" hits="1" branch="false"/>
						<line number="259" hits="1" branch="false"/>
						<line number="260" hits="1" branch="false"/>
						<line number="261" hits="1" branch="false"/>
						<line number="264" hits="1" branch="false"/>
						<line number="265" hits="1" branch="false"/>
						<line number="266" hits="1" branch="false"/>
						<line number="267" hits="1" branch="false"/>
						<line number="278" hits="0" branch="false"/>
						<line number="279" hits="0" branch="false"/>
					</lines>
				</class>
				<class name="com.mapforce.TransactionAckMapToLocalAppResult$seq4_join" filename="com/mapforce/TransactionAckMapToLocalAppResult.java" line-rate="1.0" branch-rate="1.0" complexity="2.086206896551724">
					<methods>
						<method name="&lt;init&gt;" signature="(Lcom/altova/mapforce/IEnumerable;)V" line-rate="1.0" branch-rate="1.0">
							<lines>
								<line number="288" hits="1" branch="false"/>
								<line number="289" hits="1" branch="false"/>
								<line number="290" hits="1" branch="false"/>
							</lines>
						</method>
						<method name="enumerator" signature="()Lcom/altova/mapforce/IEnumerator;" line-rate="1.0" branch-rate="1.0">
							<lines>
								<line number="292" hits="1" branch="false"/>
							</lines>
						</method>
					</methods>
					<lines>
						<line number="288" hits="1" branch="false"/>
						<line number="289" hits="1" branch="false"/>
						<line number="290" hits="1" branch="false"/>
						<line number="292" hits="1" branch="false"/>
					</lines>
				</class>
				<class name="com.mapforce.TransactionAckMapToLocalAppResult$seq4_join$Enumerator" filename="com/mapforce/TransactionAckMapToLocalAppResult.java" line-rate="0.75" branch-rate="0.6923076923076923" complexity="2.086206896551724">
					<methods>
						<method name="&lt;init&gt;" signature="(Lcom/mapforce/TransactionAckMapToLocalAppResult$seq4_join;)V" line-rate="1.0" branch-rate="1.0">
							<lines>
								<line number="296" hits="1" branch="false"/>
								<line number="297" hits="1" branch="false"/>
								<line number="301" hits="1" branch="false"/>
								<line number="302" hits="1" branch="false"/>
								<line number="303" hits="1" branch="false"/>
							</lines>
						</method>
						<method name="close" signature="()V" line-rate="0.0" branch-rate="1.0">
							<lines>
								<line number="345" hits="0" branch="false"/>
								<line number="346" hits="0" branch="false"/>
							</lines>
						</method>
						<method name="current" signature="()Ljava/lang/Object;" line-rate="1.0" branch-rate="1.0">
							<lines>
								<line number="305" hits="4" branch="false"/>
							</lines>
						</method>
						<method name="moveNext" signature="()Z" line-rate="1.0" branch-rate="0.7777777777777778">
							<lines>
								<line number="311" hits="3" branch="true" condition-coverage="100% (2/2)">
									<conditions>
										<condition number="0" type="jump" coverage="100%"/>
									</conditions>
								</line>
								<line number="313" hits="2" branch="true" condition-coverage="100% (3/3)">
									<conditions>
										<condition number="0" type="switch" coverage="100%"/>
									</conditions>
								</line>
								<line number="315" hits="1" branch="true" condition-coverage="50% (1/2)">
									<conditions>
										<condition number="0" type="jump" coverage="50%"/>
									</conditions>
								</line>
								<line number="316" hits="1" branch="true" condition-coverage="50% (1/2)">
									<conditions>
										<condition number="0" type="jump" coverage="50%"/>
									</conditions>
								</line>
								<line number="319" hits="1" branch="false"/>
							</lines>
						</method>
						<method name="moveNext_1" signature="()Z" line-rate="0.4" branch-rate="0.5">
							<lines>
								<line number="323" hits="1" branch="false"/>
								<line number="324" hits="1" branch="true" condition-coverage="50% (1/2)">
									<conditions>
										<condition number="0" type="jump" coverage="50%"/>
									</conditions>
								</line>
								<line number="325" hits="0" branch="false"/>
								<line number="326" hits="0" branch="false"/>
								<line number="327" hits="0" branch="false"/>
							</lines>
						</method>
						<method name="moveNext_4" signature="()Z" line-rate="1.0" branch-rate="0.5">
							<lines>
								<line number="330" hits="1" branch="false"/>
								<line number="331" hits="1" branch="true" condition-coverage="50% (1/2)">
									<conditions>
										<condition number="0" type="jump" coverage="50%"/>
									</conditions>
								</line>
								<line number="332" hits="1" branch="false"/>
								<line number="333" hits="1" branch="false"/>
								<line number="334" hits="1" branch="false"/>
							</lines>
						</method>
						<method name="position" signature="()I" line-rate="0.0" branch-rate="1.0">
							<lines>
								<line number="307" hits="0" branch="false"/>
							</lines>
						</method>
					</methods>
					<lines>
						<line number="296" hits="1" branch="false"/>
						<line number="297" hits="1" branch="false"/>
						<line number="301" hits="1" branch="false"/>
						<line number="302" hits="1" branch="false"/>
						<line number="303" hits="1" branch="false"/>
						<line number="305" hits="4" branch="false"/>
						<line number="307" hits="0" branch="false"/>
						<line number="311" hits="3" branch="true" condition-coverage="100% (2/2)">
							<conditions>
								<condition number="0" type="jump" coverage="100%"/>
							</conditions>
						</line>
						<line number="313" hits="2" branch="true" condition-coverage="100% (3/3)">
							<conditions>
								<condition number="0" type="switch" coverage="100%"/>
							</conditions>
						</line>
						<line number="315" hits="1" branch="true" condition-coverage="50% (1/2)">
							<conditions>
								<condition number="0" type="jump" coverage="50%"/>
							</conditions>
						</line>
						<line number="316" hits="1" branch="true" condition-coverage="50% (1/2)">
							<conditions>
								<condition number="0" type="jump" coverage="50%"/>
							</conditions>
						</line>
						<line number="319" hits="1" branch="false"/>
						<line number="323" hits="1" branch="false"/>
						<line number="324" hits="1" branch="true" condition-coverage="50% (1/2)">
							<conditions>
								<condition number="0" type="jump" coverage="50%"/>
							</conditions>
						</line>
						<line number="325" hits="0" branch="false"/>
						<line number="326" hits="0" branch="false"/>
						<line number="327" hits="0" branch="false"/>
						<line number="330" hits="1" branch="false"/>
						<line number="331" hits="1" branch="true" condition-coverage="50% (1/2)">
							<conditions>
								<condition number="0" type="jump" coverage="50%"/>
							</conditions>
						</line>
						<line number="332" hits="1" branch="false"/>
						<line number="333" hits="1" branch="false"/>
						<line number="334" hits="1" branch="false"/>
						<line number="345" hits="0" branch="false"/>
						<line number="346" hits="0" branch="false"/>
					</lines>
				</class>
			</classes>
		</package>
	</packages>
</coverage>
